0 info it worked if it ends with ok
1 verbose cli [ '/home/user/.nvm/v0.10.24/bin/node',
1 verbose cli   '/home/user/.nvm/v0.10.24/bin/npm',
1 verbose cli   'start' ]
2 info using npm@1.3.21
3 info using node@v0.10.24
4 verbose run-script [ 'prestart', 'start', 'poststart' ]
5 info prestart passport-test@0.0.1
6 info start passport-test@0.0.1
7 verbose unsafe-perm in lifecycle true
8 info passport-test@0.0.1 Failed to exec start script
9 error passport-test@0.0.1 start: `node ./bin/www`
9 error Exit status 8
10 error Failed at the passport-test@0.0.1 start script.
10 error This is most likely a problem with the passport-test package,
10 error not with npm itself.
10 error Tell the author that this fails on your system:
10 error     node ./bin/www
10 error You can get their info via:
10 error     npm owner ls passport-test
10 error There is likely additional logging output above.
11 error System Linux 3.11.0-26-generic
12 error command "/home/user/.nvm/v0.10.24/bin/node" "/home/user/.nvm/v0.10.24/bin/npm" "start"
13 error cwd /var/www/passport-test
14 error node -v v0.10.24
15 error npm -v 1.3.21
16 error code ELIFECYCLE
17 verbose exit [ 1, true ]
